system information at date: 2024-11-30 18:23:49
memory used: 1695 MB out of 2469 MB (68.65% used)
free memory left: 774 MB out of 2469 MB (31.35% free)
CPU model:
Model name:                           11th Gen Intel(R) Core(TM) i5-1135G7 @ 2.40GHz
number of CPU cores:
CPU(s):                               1
system information at date: 2024-11-30 18:28:51
memory used: 1753 MB out of 2469 MB (71.00% used)
free memory left: 716 MB out of 2469 MB (29.00% free)
CPU model:
Model name:                           11th Gen Intel(R) Core(TM) i5-1135G7 @ 2.40GHz
number of CPU cores:
CPU(s):                               1
system information at date: 2024-11-30 18:53:00
memory used: 1757 MB out of 2469 MB (71.16% used)
free memory left: 712 MB out of 2469 MB (28.84% free)
CPU model:
Model name:                           11th Gen Intel(R) Core(TM) i5-1135G7 @ 2.40GHz
number of CPU cores:
CPU(s):                               1
system information at date: 2024-11-30 18:58:03
memory used: 1751 MB out of 2469 MB (70.92% used)
free memory left: 718 MB out of 2469 MB (29.08% free)
CPU model:
Model name:                           11th Gen Intel(R) Core(TM) i5-1135G7 @ 2.40GHz
number of CPU cores:
CPU(s):                               1
system information at date: 2024-11-30 19:03:06
memory used: 1750 MB out of 2469 MB (70.88% used)
free memory left: 719 MB out of 2469 MB (29.12% free)
CPU model:
Model name:                           11th Gen Intel(R) Core(TM) i5-1135G7 @ 2.40GHz
number of CPU cores:
CPU(s):                               1
system information at date: 2024-11-30 19:08:08
memory used: 1706 MB out of 2469 MB (69.10% used)
free memory left: 763 MB out of 2469 MB (30.90% free)
CPU model:
Model name:                           11th Gen Intel(R) Core(TM) i5-1135G7 @ 2.40GHz
number of CPU cores:
CPU(s):                               1
system information at date: 2024-11-30 19:15:57
memory used: 1636 MB out of 2469 MB (66.26% used)
free memory left: 833 MB out of 2469 MB (33.74% free)
CPU model:
Model name:                           11th Gen Intel(R) Core(TM) i5-1135G7 @ 2.40GHz
number of CPU cores:
CPU(s):                               1
system information at date: 2024-11-30 19:21:02
memory used: 1758 MB out of 2469 MB (71.20% used)
free memory left: 711 MB out of 2469 MB (28.80% free)
CPU model:
Model name:                           11th Gen Intel(R) Core(TM) i5-1135G7 @ 2.40GHz
number of CPU cores:
CPU(s):                               1
system information at date: 2024-11-30 19:27:11
memory used: 1711 MB out of 2469 MB (69.30% used)
free memory left: 758 MB out of 2469 MB (30.70% free)
CPU model:
Model name:                           11th Gen Intel(R) Core(TM) i5-1135G7 @ 2.40GHz
number of CPU cores:
CPU(s):                               1
system information at date: 2024-11-30 19:27:14
memory used: 1714 MB out of 2469 MB (69.42% used)
free memory left: 755 MB out of 2469 MB (30.58% free)
CPU model:
Model name:                           11th Gen Intel(R) Core(TM) i5-1135G7 @ 2.40GHz
number of CPU cores:
CPU(s):                               1
